0	1	66
0.978606969143	-0.053339947828	0.198703925252	-0.490156449957
0.055306290067	0.998459939017	-0.004354820067	0.028839419179
-0.198165623215	0.015251234194	0.980049889358	0.115195803681
0.000000000000	0.000000000000	0.000000000000	1.000000000000
0	2	66
0.832524370777	-0.020213547350	0.553619530514	-0.770187444420
0.089986372056	0.990996603477	-0.099137201600	0.077091267235
-0.546631159839	0.132352349433	0.826847767544	0.136972512474
0.000000000000	0.000000000000	0.000000000000	1.000000000000
0	5	66
0.405579405029	0.012127958619	0.913979353616	-0.919778991786
0.230359231778	0.966281256949	-0.115044151545	0.043841212382
-0.884556369346	0.257203120295	0.389109990053	0.038851216435
0.000000000000	0.000000000000	0.000000000000	1.000000000000
0	6	66
0.688867235330	-0.138991681369	0.711437449534	-0.865228899023
0.238560516402	0.970243135833	-0.041438356424	0.070801184708
-0.684507715152	0.198266411375	0.701526633862	0.239498831351
0.000000000000	0.000000000000	0.000000000000	1.000000000000
0	7	66
0.674519782121	-0.007479394923	0.738218885005	-0.787251921473
0.061292406410	0.997063826577	-0.045901706369	-0.037829843262
-0.735708029346	0.076208820898	0.672997705177	0.480210633537
0.000000000000	0.000000000000	0.000000000000	1.000000000000
0	34	66
0.621472396130	0.418669453599	-0.662184226232	0.703962458033
-0.292256547461	0.908110411793	0.299869288955	-0.184443351029
0.726882501725	0.007167190209	0.686724442605	0.535754499669
0.000000000000	0.000000000000	0.000000000000	1.000000000000
0	35	66
0.874447519232	0.295591374724	-0.384665146975	0.942907776962
-0.221036200478	0.948606401458	0.226470512850	-0.252812764453
0.431838551066	-0.113011655597	0.894842908846	0.535365235736
0.000000000000	0.000000000000	0.000000000000	1.000000000000
0	36	66
-0.937023893588	0.178911774218	-0.299961330661	-0.065135592835
0.092611607619	-0.700817163632	-0.707303607578	1.876193993516
-0.336762992295	-0.690540281377	0.640113120328	0.851045441064
0.000000000000	0.000000000000	0.000000000000	1.000000000000
0	37	66
0.985168664786	0.161527244035	-0.057893448322	1.049834550872
-0.148171175522	0.970984997309	0.187705721130	-0.247117843899
0.086533257587	-0.176343654366	0.980517674954	0.416570838966
0.000000000000	0.000000000000	0.000000000000	1.000000000000
0	38	66
0.985444163428	-0.007480030641	0.169834772371	0.781681669641
-0.014511884437	0.991683470156	0.127880022795	-0.121036767022
-0.169378882907	-0.128483244672	0.977140138293	0.381749410383
0.000000000000	0.000000000000	0.000000000000	1.000000000000
0	45	66
0.791762503090	-0.144978386975	0.593374591646	0.221218418128
0.345294468995	0.907552407814	-0.238998654292	-0.032728976995
-0.503868899996	0.394119137295	0.768626201242	0.021237100862
0.000000000000	0.000000000000	0.000000000000	1.000000000000
0	46	66
0.844140144981	-0.117145895333	0.523167520817	0.191197910906
0.173009931630	0.983150691908	-0.059010851189	-0.050575712824
-0.507439631078	0.140326605485	0.850184370948	0.239070558314
0.000000000000	0.000000000000	0.000000000000	1.000000000000
0	47	66
0.708882452370	-0.348266112409	0.613348500992	-0.355145461662
0.218887717131	0.935284735069	0.278083857201	-0.028735322259
-0.670502674126	-0.062874313470	0.739238110960	0.427738268149
0.000000000000	0.000000000000	0.000000000000	1.000000000000
0	48	66
0.647594510872	-0.438179380922	0.623394080517	-0.734984623359
0.206914934805	0.888501653735	0.409574194822	0.067502324600
-0.733353638597	-0.136248454833	0.666054651896	0.338665762023
0.000000000000	0.000000000000	0.000000000000	1.000000000000
0	49	66
0.685116680871	-0.368712538959	0.628224639127	-0.743645992128
0.228360186330	0.927673159987	0.295421958457	-0.080276205035
-0.691712916528	-0.058937015986	0.719763620403	0.620772906007
0.000000000000	0.000000000000	0.000000000000	1.000000000000
1	2	66
0.934289876101	0.035084847920	0.354783709971	-0.218103574578
-0.007725983302	0.996904689421	-0.078239052856	-0.059750847529
-0.356430549471	0.070356901981	0.931669023714	-0.007830346269
0.000000000000	0.000000000000	0.000000000000	1.000000000000
1	3	66
0.703840730330	-0.148150505186	0.694737111533	-0.195375553837
0.195949779485	0.980556821133	0.010583215423	-0.039405627647
-0.682797122319	0.128684685732	0.719185887939	-0.004430412335
0.000000000000	0.000000000000	0.000000000000	1.000000000000
1	5	66
0.577159725251	-0.047145538738	0.815269249834	-0.349701074495
0.295472915394	0.942749374514	-0.154658892798	0.184624914075
-0.761303098520	0.330152866154	0.558047199754	-0.180027158388
0.000000000000	0.000000000000	0.000000000000	1.000000000000
1	6	66
0.847130888055	-0.108143787920	0.520263567471	-0.305437535554
0.166712877965	0.983728345409	-0.066972821051	0.025090724771
-0.504555323849	0.143469382006	0.851375628969	0.020072270181
0.000000000000	0.000000000000	0.000000000000	1.000000000000
1	7	66
0.811219893456	0.051125434014	0.582501909403	-0.343264309610
-0.016834428212	0.997799478655	-0.064131134580	-0.091391353075
-0.584498833607	0.042218365584	0.810295454213	0.309877920982
0.000000000000	0.000000000000	0.000000000000	1.000000000000
1	34	66
0.456002493041	0.437554121103	-0.774989107954	1.096161471199
-0.295475562336	0.895834658169	0.331925379093	-0.260480128692
0.839497420129	0.077631542107	0.537789387462	0.651369826217
0.000000000000	0.000000000000	0.000000000000	1.000000000000
1	35	66
0.726963222037	0.166111165851	-0.666281888081	2.123532734976
-0.067195148287	0.982851420855	0.171720402309	-0.214595523841
0.683380776619	-0.080063506681	0.725658700110	1.181343382247
0.000000000000	0.000000000000	0.000000000000	1.000000000000
1	36	66
-0.849312914112	0.243361950617	-0.468446939273	0.386914679785
0.181262134620	-0.698997700111	-0.691770376493	1.866475428348
-0.495793921378	-0.672441206524	0.549555466984	0.868579562619
0.000000000000	0.000000000000	0.000000000000	1.000000000000
1	37	66
0.949306689817	0.208394887878	-0.235347358970	1.396660457538
-0.183361933625	0.975205383373	0.123906664622	-0.186479633993
0.255333526911	-0.074471678824	0.963980683981	0.545057022680
0.000000000000	0.000000000000	0.000000000000	1.000000000000
1	38	66
0.990541796423	0.116180284491	-0.073000623521	1.310707062539
-0.104545898854	0.983618692986	0.146848295327	-0.292894814815
0.088865654623	-0.137827458452	0.986461599417	0.565753072273
0.000000000000	0.000000000000	0.000000000000	1.000000000000
1	45	66
0.928664249242	-0.121667623569	0.350399345826	0.857635406915
0.215308455889	0.946050004305	-0.242139749272	-0.237279731153
-0.302034734761	0.300310470564	0.904758885155	0.084203997045
0.000000000000	0.000000000000	0.000000000000	1.000000000000
1	46	66
0.910967576190	-0.104009944320	0.399149103235	0.514383704907
0.141359931386	0.987807532048	-0.065220007879	-0.127281808579
-0.387498961198	0.115837002342	0.914563471804	0.260475678841
0.000000000000	0.000000000000	0.000000000000	1.000000000000
1	47	66
0.859565077042	-0.291348205765	0.419838184694	0.180230516942
0.209946903186	0.950356210423	0.229663604330	-0.011726690207
-0.465907905248	-0.109267087033	0.878060662778	0.312894019079
0.000000000000	0.000000000000	0.000000000000	1.000000000000
1	48	66
0.810891372483	-0.342394979107	0.474574399135	-0.163145231220
0.156097581228	0.908138207604	0.388482356131	0.040073909686
-0.563993552416	-0.240937075131	0.789848465631	0.169362521797
0.000000000000	0.000000000000	0.000000000000	1.000000000000
1	49	66
0.842866958688	-0.270093031123	0.465429956589	-0.271784189294
0.163666726819	0.952609015136	0.256416198422	-0.070966584152
-0.512629000822	-0.139949343764	0.847127905748	0.418801287140
0.000000000000	0.000000000000	0.000000000000	1.000000000000
2	3	66
0.879926786451	-0.184491733260	0.437826050897	-0.114745459893
0.169377096698	0.982790176473	0.073721558200	0.065710488735
-0.443892159876	0.009288131560	0.896032075884	-0.017166874219
0.000000000000	0.000000000000	0.000000000000	1.000000000000
2	5	66
0.820977187264	-0.089366289138	0.563923863972	-0.130649020343
0.155433084493	0.985353709880	-0.070132892934	0.009722288784
-0.549396955066	0.145229930772	0.822843395168	-0.192431575011
0.000000000000	0.000000000000	0.000000000000	1.000000000000
2	6	66
0.969878748689	-0.133083286148	0.204019733824	-0.162477412833
0.138290375337	0.990325930961	-0.011415890483	0.126477067073
-0.200526768614	0.039285995143	0.978900212307	-0.028441519119
0.000000000000	0.000000000000	0.000000000000	1.000000000000
2	7	66
0.966641288505	0.031608925039	0.254176110632	-0.224150169824
-0.035521181605	0.999310394480	0.010815782016	-0.015892497581
-0.253658954140	-0.019483617250	0.967097473703	0.280694924883
0.000000000000	0.000000000000	0.000000000000	1.000000000000
2	8	66
0.984606260419	-0.084647625139	0.152922501622	-0.548064611704
0.080513757780	0.996205846108	0.033037054779	-0.122828265223
-0.155138798346	-0.020216125707	0.987685811131	0.733571736712
0.000000000000	0.000000000000	0.000000000000	1.000000000000
2	35	66
-0.786929180402	0.423089656295	-0.449152098701	0.213127519491
0.060744610239	-0.671256006762	-0.738732336989	2.056769424512
-0.614046054753	-0.608613601657	0.502530522974	1.025308735953
0.000000000000	0.000000000000	0.000000000000	1.000000000000
2	36	66
0.797004320920	0.171483635649	-0.579117842186	1.157488044565
-0.082183422754	0.980719665362	0.177298683007	-0.045558330864
0.598356079152	-0.093713930001	0.795730923029	1.029316495538
0.000000000000	0.000000000000	0.000000000000	1.000000000000
2	37	66
0.820983766106	0.223802491980	-0.525260031197	1.260501738028
-0.124431081575	0.967993862004	0.217955933759	-0.094646086959
0.557227567272	-0.113579609552	0.822555232532	1.049665703633
0.000000000000	0.000000000000	0.000000000000	1.000000000000
2	38	66
0.919863012168	0.152011703719	-0.361586062753	1.110132240036
-0.065712196106	0.968544114957	0.240008759559	-0.178268609201
0.386696193578	-0.197014566249	0.900916929888	1.043484731521
0.000000000000	0.000000000000	0.000000000000	1.000000000000
2	45	66
0.985929771287	-0.152623996330	0.068179189153	0.779803839475
0.163674632041	0.964279857041	-0.208266589090	-0.101144383492
-0.033957339640	0.216495434246	0.975692895349	0.388007516656
0.000000000000	0.000000000000	0.000000000000	1.000000000000
2	46	66
0.995845692845	-0.085687454863	0.030806105242	0.604545370033
0.086297293974	0.996087447704	-0.019041364955	-0.004444865899
-0.029053968644	0.021620744797	0.999343989976	0.494082182957
0.000000000000	0.000000000000	0.000000000000	1.000000000000
2	47	66
0.967845473281	-0.209488247176	0.139247312883	0.155023914771
0.155477512663	0.933359492489	0.323522488919	0.018506645636
-0.197741960408	-0.291469950553	0.935918471352	0.431180587284
0.000000000000	0.000000000000	0.000000000000	1.000000000000
2	48	66
0.958664477435	-0.223908338342	0.175577549038	-0.061291494858
0.114402087749	0.868298271735	0.482669942736	0.044410310264
-0.260527507231	-0.442632090254	0.858022290301	0.173253470455
0.000000000000	0.000000000000	0.000000000000	1.000000000000
2	49	66
0.975230542046	-0.180306144697	0.128121364514	-0.221618181653
0.127383700204	0.931358824398	0.341092558022	-0.025764947315
-0.180828047556	-0.316323306760	0.931257635038	0.390790598012
0.000000000000	0.000000000000	0.000000000000	1.000000000000
3	4	66
0.940480249765	-0.006938685683	0.339777507264	-0.301837702361
-0.012436413421	0.998419235290	0.054812099258	-0.374051177760
-0.339620722899	-0.055775310352	0.938907279412	0.071057640731
0.000000000000	0.000000000000	0.000000000000	1.000000000000
3	5	66
0.996308706504	0.073809813866	0.043830043602	0.187896981060
-0.066449127830	0.986363671875	-0.150569652376	-0.150861811494
-0.054345880761	0.147101387427	0.987627311824	-0.080274534905
0.000000000000	0.000000000000	0.000000000000	1.000000000000
3	6	66
0.962091375100	0.019427086909	-0.272034509303	0.029220087559
-0.025250655213	0.999520470792	-0.017922970712	0.034998016198
0.271555869701	0.024112585139	0.962120570858	-0.015521597304
0.000000000000	0.000000000000	0.000000000000	1.000000000000
3	7	66
0.946994134362	0.206750831313	-0.245878431823	-0.163485194191
-0.228631966068	0.971424557497	-0.063731885135	0.028057520146
0.225675726599	0.116569390676	0.967203206974	0.192966585053
0.000000000000	0.000000000000	0.000000000000	1.000000000000
3	38	66
0.619098110229	0.331444023510	-0.711942686731	0.635944531728
-0.200604860445	0.943240166825	0.264680331067	-0.363232493383
0.759259652475	-0.021043929462	0.650447486855	1.470064905097
0.000000000000	0.000000000000	0.000000000000	1.000000000000
3	39	66
0.922194717285	0.152998329631	-0.355173780763	0.468992787436
-0.076856766788	0.972600373937	0.219411827429	-0.483984684003
0.379011795081	-0.175042919728	0.908685883814	1.575718198461
0.000000000000	0.000000000000	0.000000000000	1.000000000000
3	43	66
-0.680120129426	0.501328916098	-0.534888705651	1.198891946210
-0.134348550049	0.632034241607	0.763205859867	-1.988813206243
0.720685143907	0.590933190234	-0.362506397228	4.248060186325
0.000000000000	0.000000000000	0.000000000000	1.000000000000
3	45	66
0.900591713772	-0.064394043439	-0.429869715443	0.598086297964
-0.001786986789	0.988408631925	-0.151806399778	-0.443690028317
0.434662365249	0.137483757240	0.890037552428	0.795016113044
0.000000000000	0.000000000000	0.000000000000	1.000000000000
3	46	66
0.910457208136	0.091544043516	-0.403345212256	0.349580520052
-0.091956567145	0.995593162004	0.018391452604	-0.250131910771
0.403251363187	0.020345610502	0.914863046702	0.756807542799
0.000000000000	0.000000000000	0.000000000000	1.000000000000
3	47	66
0.971526954731	0.098326314215	-0.215562780099	-0.016386577782
-0.030732077933	0.954431141364	0.296844632394	-0.056515819162
0.234927468843	-0.281767869581	0.930277352221	0.471191614676
0.000000000000	0.000000000000	0.000000000000	1.000000000000
3	48	66
0.980417731709	0.122807622339	-0.153945962098	-0.047140548142
-0.045993040526	0.902907315455	0.427367546641	0.041270344545
0.191482927631	-0.411918277810	0.890874638112	0.163739383167
0.000000000000	0.000000000000	0.000000000000	1.000000000000
4	5	66
0.980470856708	0.059663951180	-0.187395603141	0.121961855581
-0.074421198139	0.994571784458	-0.072721735598	-0.193719841324
0.182039513334	0.085247747714	0.979588912297	-0.015312005329
0.000000000000	0.000000000000	0.000000000000	1.000000000000
4	39	66
0.685824470917	-0.309694984611	0.658584703435	-0.576425426623
0.040570750933	0.919801264617	0.390281498123	-0.350927141006
-0.726635265632	-0.240945325987	0.643386773741	0.350357397208
0.000000000000	0.000000000000	0.000000000000	1.000000000000
4	40	66
0.987846900490	0.040264621187	-0.150124153533	0.024111956785
-0.006029271749	0.975062925027	0.221846659023	-0.340489673844
0.155313067948	-0.218245395182	0.963455654613	1.442567301351
0.000000000000	0.000000000000	0.000000000000	1.000000000000
4	41	66
0.952784453962	-0.145513979654	0.266509785962	0.157209234161
0.096440455951	0.977267084081	0.188807533820	-0.255389119957
-0.287925377041	-0.154190557741	0.945158319627	1.208254979961
0.000000000000	0.000000000000	0.000000000000	1.000000000000
4	42	66
0.923213336024	-0.137324266803	0.358913892088	-0.070877775501
0.213644649555	0.959744262795	-0.182337362459	-0.308835389936
-0.319426204159	0.245016317373	0.915387297442	1.203677471006
0.000000000000	0.000000000000	0.000000000000	1.000000000000
4	43	66
0.986088213590	-0.116136271140	0.118921829559	0.009939752426
0.115241971510	0.993233169180	0.014393041470	-0.173330109072
-0.119788659824	-0.000488022457	0.992799294325	1.145066422241
0.000000000000	0.000000000000	0.000000000000	1.000000000000
4	45	66
-0.841681219639	0.202088815839	0.500732298759	-0.974306958167
-0.539372671779	-0.358431849509	-0.761973575786	1.723151046440
0.025492066322	-0.911420166427	0.410686540788	2.397483756744
0.000000000000	0.000000000000	0.000000000000	1.000000000000
4	46	66
0.900820246993	0.134665399199	0.412780950223	0.011050455179
-0.063455627288	0.981311529023	-0.181661956316	0.043085775003
-0.429530285281	0.137451494229	0.892530571331	0.888335305812
0.000000000000	0.000000000000	0.000000000000	1.000000000000
4	47	66
-0.921106831915	-0.340417907235	-0.188885819038	0.622772231249
0.214478361809	-0.038814071647	-0.975957222504	2.543884469974
0.324901887523	-0.939472786341	0.108764181642	2.026539925676
0.000000000000	0.000000000000	0.000000000000	1.000000000000
4	48	66
-0.977695732477	0.210004228227	0.003046115991	0.219838971062
0.156500199916	0.718776696371	0.677397776923	-0.850968213724
0.140066920157	0.662765633449	-0.735610612346	6.028546822044
0.000000000000	0.000000000000	0.000000000000	1.000000000000
5	6	66
0.932007878628	-0.001022164692	-0.362436572872	-0.109764577508
0.051570164845	0.990195528463	0.129820389419	0.123582276486
0.358750375991	-0.139684539554	0.922922747111	0.118562590875
0.000000000000	0.000000000000	0.000000000000	1.000000000000
5	7	66
0.958183450223	0.085516297522	-0.273077715268	-0.400448981990
-0.057049476688	0.992232096310	0.110547836987	0.136670216250
0.280410115594	-0.090346167108	0.955619033486	0.268099203137
0.000000000000	0.000000000000	0.000000000000	1.000000000000
5	38	66
0.535093363682	0.299783007608	-0.789813421317	0.419702189466
-0.092410377296	0.950080162700	0.298006722428	0.084236862505
0.839723415365	-0.086474463246	0.536084650867	1.666145098159
0.000000000000	0.000000000000	0.000000000000	1.000000000000
5	39	66
0.914069778683	0.088924219485	-0.395687910969	0.173054333366
0.022068785690	0.963313656623	0.267469190116	0.022564421647
0.404956057365	-0.253217855121	0.878573451370	1.600795810264
0.000000000000	0.000000000000	0.000000000000	1.000000000000
5	43	66
0.864882411300	-0.238652118724	0.441614742566	0.132593395146
0.216873261531	0.971060995328	0.100032653596	0.152254777786
-0.452707856190	0.009257946910	0.891610838518	1.103569458733
0.000000000000	0.000000000000	0.000000000000	1.000000000000
5	45	66
0.838668510475	-0.135966691843	-0.527397561852	0.486478093039
0.136278433909	0.989922245918	-0.038498512795	-0.099387371630
0.527317094346	-0.039585423395	0.848745943298	1.082170526163
0.000000000000	0.000000000000	0.000000000000	1.000000000000
5	46	66
0.860268776763	0.094408098010	-0.501023694806	0.156077980002
-0.010940446050	0.985898192008	0.166988208074	-0.055018839023
0.509723393976	-0.138173318791	0.849170298354	0.966544829170
0.000000000000	0.000000000000	0.000000000000	1.000000000000
5	47	66
0.932168318369	0.084450997494	-0.352037292415	-0.106923428491
0.082417173179	0.897373280799	0.433507329204	0.116575262064
0.352518986430	-0.433115716560	0.829542729626	0.628267647465
0.000000000000	0.000000000000	0.000000000000	1.000000000000
5	48	66
0.954895126597	0.152749205049	-0.254642843132	-0.163644942047
0.019235264819	0.823927116067	0.566369236449	0.137294864816
0.296319594001	-0.545721346262	0.783825816394	0.276081929069
0.000000000000	0.000000000000	0.000000000000	1.000000000000
5	49	66
0.935919944816	0.088276280566	-0.340970900790	-0.413152311001
0.082963113113	0.885589611146	0.456999083690	0.068322951985
0.342302466773	-0.456002564599	0.821517304943	0.409129075209
0.000000000000	0.000000000000	0.000000000000	1.000000000000
6	7	66
0.977144879086	0.206482037882	0.050527747895	-0.185088775131
-0.206728750284	0.978398232215	-0.000350721093	-0.088743605475
-0.049508676824	-0.010102832856	0.998722595963	0.216884829612
0.000000000000	0.000000000000	0.000000000000	1.000000000000
6	35	66
-0.714270628612	0.256757985364	-0.651070507744	0.381128475937
0.181877616697	-0.830214670836	-0.526938452643	1.648767206067
-0.675823942789	-0.494791812059	0.546299424375	0.777124412987
0.000000000000	0.000000000000	0.000000000000	1.000000000000
6	36	66
0.599291461244	0.377903785991	-0.705718409150	1.045386582521
-0.198708902388	0.924196153416	0.326153709349	-0.415883530061
0.775476960710	-0.055228602589	0.628955709779	1.328581278573
0.000000000000	0.000000000000	0.000000000000	1.000000000000
6	37	66
0.634969374007	0.411558803747	-0.653783790814	1.134593256520
-0.231237628989	0.908733096922	0.347467002028	-0.439457093322
0.737118072640	-0.069451491106	0.672185567660	1.421921141111
0.000000000000	0.000000000000	0.000000000000	1.000000000000
6	38	66
0.767932637455	0.367935772756	-0.524311673966	0.987519261520
-0.222912638723	0.920904910366	0.319756315905	-0.449660920190
0.600490982304	-0.128675612259	0.789210470649	1.303905634413
0.000000000000	0.000000000000	0.000000000000	1.000000000000
6	39	66
-0.953919146944	0.243915353130	-0.174767163969	-0.250537379418
-0.064528498013	-0.735559921203	-0.674379474231	1.986996062528
-0.293043228959	-0.632026030182	0.717404183940	0.382864578274
0.000000000000	0.000000000000	0.000000000000	1.000000000000
6	44	66
0.997164797153	-0.065337211383	0.037328489484	0.939009117095
0.064192498872	0.997453312032	0.031083973445	-0.271724137893
-0.039264365613	-0.028599635055	0.998819488430	0.696253046849
0.000000000000	0.000000000000	0.000000000000	1.000000000000
6	45	66
0.977802164980	-0.108606939536	-0.179185543070	0.853481907924
0.077287582438	0.981823881248	-0.173345019578	-0.320433003787
0.194755117421	0.155648318001	0.968423484506	0.630418951363
0.000000000000	0.000000000000	0.000000000000	1.000000000000
6	46	66
0.983595005420	0.036169815315	-0.176727501460	0.601194786149
-0.039922740817	0.999045541993	-0.017725117477	-0.146221684337
0.175917708255	0.024489783256	0.984100203454	0.636573305032
0.000000000000	0.000000000000	0.000000000000	1.000000000000
6	47	66
0.999790056770	-0.011068046530	0.017243570696	0.127901674774
0.004680312082	0.942668024018	0.333699102744	-0.121474986171
-0.019948359911	-0.333548339584	0.942521919160	0.470446996742
0.000000000000	0.000000000000	0.000000000000	1.000000000000
6	48	66
0.998737055313	-0.002375228370	0.050186179711	0.071545746842
-0.020244626473	0.895178251920	0.445248304194	0.001847209170
-0.045983143028	-0.445701980677	0.893999605692	0.211217994720
0.000000000000	0.000000000000	0.000000000000	1.000000000000
6	49	66
0.999625006488	-0.000681886437	0.027374832129	-0.243218884978
-0.008953838944	0.936598426956	0.350290187404	-0.112365894858
-0.025878082838	-0.350403940695	0.936241103122	0.363736271337
0.000000000000	0.000000000000	0.000000000000	1.000000000000
7	37	66
0.639276898291	0.195542557657	-0.743698968304	1.275206493342
-0.094884842294	0.979796125463	0.176057999620	-0.024515272636
0.763100199197	-0.041984052595	0.644915052788	1.233551978579
0.000000000000	0.000000000000	0.000000000000	1.000000000000
7	38	66
0.806265087828	0.126428523576	-0.577886179603	1.116626950781
-0.021987428252	0.982624197313	0.184299321363	-0.067716629834
0.591145634466	-0.135887877613	0.795035422839	1.034468961747
0.000000000000	0.000000000000	0.000000000000	1.000000000000
7	39	66
-0.938014790467	0.307201252303	-0.160485648731	-0.301028594224
-0.142272562520	-0.763504342781	-0.629936216222	1.853127499449
-0.316048684255	-0.568056783374	0.759884675489	-0.034423779947
0.000000000000	0.000000000000	0.000000000000	1.000000000000
7	44	66
-0.841322420489	0.418958926249	-0.341540631403	-0.165486948833
-0.144136182095	-0.782864670336	-0.605266609810	2.320712714522
-0.520961942750	-0.459996006566	0.719028739446	-0.454426142844
0.000000000000	0.000000000000	0.000000000000	1.000000000000
7	45	66
0.926928193324	-0.317145027575	-0.200557113826	1.043502858316
0.274076532396	0.937272797827	-0.215410670219	-0.014201021313
0.256293150146	0.144702225064	0.955706590565	0.446064439719
0.000000000000	0.000000000000	0.000000000000	1.000000000000
7	46	66
0.971253967581	-0.128344860806	-0.200482735325	0.691201987641
0.134728630924	0.990710358742	0.018471087966	-0.069012730925
0.196249653422	-0.044950881927	0.979523094034	0.446265955543
0.000000000000	0.000000000000	0.000000000000	1.000000000000
7	47	66
0.975636356837	-0.199190815584	-0.091960416505	0.278653355953
0.218866289580	0.912716395097	0.345030910798	-0.017308183153
0.015206791320	-0.356751735956	0.934075453264	0.252551989450
0.000000000000	0.000000000000	0.000000000000	1.000000000000
7	48	66
0.989312320082	-0.142629632371	-0.030297216107	0.109477560524
0.138997147946	0.859712176106	0.491502560642	-0.016389129323
-0.044055943944	-0.490460765224	0.870348959659	-0.057192231494
0.000000000000	0.000000000000	0.000000000000	1.000000000000
7	49	66
0.978182788999	-0.185895561264	-0.092743040757	-0.081512671239
0.205870392176	0.927249865517	0.312769993006	0.047908772736
0.027853418673	-0.325039270246	0.945290251651	0.105075438544
0.000000000000	0.000000000000	0.000000000000	1.000000000000
8	37	66
0.732235452936	0.336193650922	-0.592287996286	1.663728537866
-0.241614565997	0.941333261227	0.235614288205	-0.154307783366
0.636752418890	-0.029419727874	0.770506869956	0.497939472899
0.000000000000	0.000000000000	0.000000000000	1.000000000000
8	38	66
0.832656059210	0.307087989431	-0.460847972555	1.542855684198
-0.175722021270	0.935674693637	0.305997776017	-0.335004317887
0.525172027341	-0.173809765070	0.833057325317	0.525408243102
0.000000000000	0.000000000000	0.000000000000	1.000000000000
8	39	66
0.986683353743	0.032406222141	-0.159391957803	1.616765935638
-0.007364467143	0.987847365674	0.155252525762	-0.194883779597
0.162486073463	-0.152011245960	0.974931206307	0.691215129046
0.000000000000	0.000000000000	0.000000000000	1.000000000000
8	44	66
0.984624256414	-0.093836947606	0.147342122102	1.343599586382
0.087811013968	0.995032590896	0.046897429369	-0.216236782875
-0.151010925126	-0.033238085378	0.987973142435	-0.095874165695
0.000000000000	0.000000000000	0.000000000000	1.000000000000
8	45	66
0.984958898881	-0.073126291134	-0.156551950036	1.414796215046
0.045090880195	0.983416533247	-0.175666543938	-0.239450925627
0.166801618812	0.165965260464	0.971922194561	-0.077831556838
0.000000000000	0.000000000000	0.000000000000	1.000000000000
8	46	66
0.996258968487	0.027062131056	-0.082071363894	1.036557865094
-0.025686787003	0.999512126245	0.017767905399	-0.113258641284
0.082512160814	-0.015593285461	0.996468059080	-0.070944643613
0.000000000000	0.000000000000	0.000000000000	1.000000000000
8	47	66
0.993678436410	-0.109132629248	0.026329341959	0.713513096127
0.097662577642	0.955989898176	0.276668277027	0.138923028627
-0.055364121439	-0.272347909517	0.960604721121	-0.213215018825
0.000000000000	0.000000000000	0.000000000000	1.000000000000
8	48	66
0.985135831597	-0.126141969115	0.116600158366	0.464632674061
0.071355644992	0.917958419255	0.390205987199	0.284793095017
-0.156255448645	-0.376085820187	0.913314672292	-0.493679549116
0.000000000000	0.000000000000	0.000000000000	1.000000000000
8	49	66
0.992483524756	-0.112390300480	0.048423893344	0.294004746862
0.094668689017	0.955849268729	0.278190608739	0.175494043083
-0.077551869149	-0.271515369415	0.959304493768	-0.310078128553
0.000000000000	0.000000000000	0.000000000000	1.000000000000
8	50	66
0.996596622741	0.024760769266	0.078626177874	0.038983645730
-0.020547947613	0.998332485600	-0.053944694322	-0.017553058088
-0.079830779720	0.052145493592	0.995443566511	0.048814996899
0.000000000000	0.000000000000	0.000000000000	1.000000000000
8	51	66
0.999317769637	0.015112359078	-0.033698841077	-0.259291633044
-0.016019889954	0.999511765228	-0.026825254838	-0.110542463766
0.033276995247	0.027346805560	0.999071966283	0.262491421197
0.000000000000	0.000000000000	0.000000000000	1.000000000000
9	10	66
0.998467367011	-0.055318359537	-0.001672158202	-0.413332071729
0.054273856405	0.972808447780	0.225162324642	-0.084510831892
-0.010828920804	-0.224907987909	0.974319830163	0.563803811729
0.000000000000	0.000000000000	0.000000000000	1.000000000000
9	51	66
0.997585319939	-0.031641048249	-0.061825346806	0.297369507746
0.040474868074	0.988261881569	0.147310008120	0.047459389888
0.056438590488	-0.149456674336	0.987156212562	-0.082054063731
0.000000000000	0.000000000000	0.000000000000	1.000000000000
9	52	66
0.987947353167	-0.127609831283	0.087611405257	-0.265719858677
0.112026727969	0.980043417287	0.164209964535	-0.005534315588
-0.106817786871	-0.152415980762	0.982527011953	0.245082903999
0.000000000000	0.000000000000	0.000000000000	1.000000000000
9	53	66
0.983549893359	-0.091730806174	0.155611909799	-0.550392180331
0.067241954266	0.985478396453	0.155919369262	-0.099351079248
-0.167654784779	-0.142890830089	0.975435330413	0.575213483053
0.000000000000	0.000000000000	0.000000000000	1.000000000000
10	11	66
0.987424763132	-0.030925637862	-0.155035293000	0.100634406975
0.017391563904	0.995977037564	-0.087904915396	-0.081952044656
0.157130107420	0.084103184057	0.983990235609	0.385867507307
0.000000000000	0.000000000000	0.000000000000	1.000000000000
10	51	66
0.998748169937	0.043504463543	-0.024687136325	0.640223999037
-0.045121078481	0.996580329156	-0.069222364996	0.210771794999
0.021591232590	0.070249620574	0.997295748253	-0.629850816781
0.000000000000	0.000000000000	0.000000000000	1.000000000000
10	52	66
0.994131973246	-0.065667833084	0.085961360317	0.152711288403
0.072168542459	0.994580884548	-0.074836926524	0.169934649632
-0.080581146982	0.080601487519	0.993483809109	-0.281279592175
0.000000000000	0.000000000000	0.000000000000	1.000000000000
10	53	66
0.988703671880	-0.050851597173	0.140993490190	-0.081655413503
0.061031874737	0.995758834873	-0.068843685539	-0.011223778321
-0.136894702152	0.076671101710	0.987613984655	0.047812043491
0.000000000000	0.000000000000	0.000000000000	1.000000000000
10	54	66
0.998774608043	-0.004501794191	-0.049285050253	-0.093529700791
-0.005595322154	0.979197456983	-0.202832523544	-0.209976827379
0.049172906151	0.202859739934	0.977972367306	0.367721210168
0.000000000000	0.000000000000	0.000000000000	1.000000000000
11	12	66
0.940924498962	0.045886884393	-0.335492892762	0.130106642142
-0.123411250506	0.969101120907	-0.213571254397	-0.129424502649
0.315326418972	0.242358022968	0.917513944418	0.166228104616
0.000000000000	0.000000000000	0.000000000000	1.000000000000
11	52	66
0.958143845856	-0.094889207153	0.270104440936	-0.118799791307
0.099936098056	0.994981486627	-0.004961610144	0.283384646812
-0.268278114934	0.031747120119	0.962818245263	-0.708742055385
0.000000000000	0.000000000000	0.000000000000	1.000000000000
11	53	66
0.940385415221	-0.020467045614	0.339494286968	-0.344873263172
0.019029293471	0.999790315096	0.007563850230	0.065348948408
-0.339577909808	-0.000652598021	0.940577704013	-0.311756885409
0.000000000000	0.000000000000	0.000000000000	1.000000000000
11	54	66
0.993443133907	0.054829224897	0.100321960661	-0.191803823899
-0.038932041932	0.987293894995	-0.154061873985	-0.021419754439
-0.107494352431	0.149145972129	0.982954954814	-0.008630865324
0.000000000000	0.000000000000	0.000000000000	1.000000000000
11	55	66
0.995687841637	0.041598406872	-0.082917396018	-0.221060414206
-0.049191616641	0.994566940244	-0.091743044562	-0.033302017648
0.078650536355	0.095426274783	0.992324502979	-0.043464933314
0.000000000000	0.000000000000	0.000000000000	1.000000000000
12	52	66
0.811161253785	-0.223766005470	0.540320455983	-0.494304408136
0.098104581749	0.962877242164	0.251481425881	0.170565772043
-0.576535264661	-0.150984076376	0.803001181371	-0.819113682543
0.000000000000	0.000000000000	0.000000000000	1.000000000000
12	54	66
0.896631663974	-0.061287525988	0.438515106145	-0.405819139996
0.015540406076	0.994119875365	0.107164215961	0.026269835348
-0.442504412337	-0.089272126456	0.892311791080	-0.077152327772
0.000000000000	0.000000000000	0.000000000000	1.000000000000
12	55	66
0.981281727954	-0.065154359757	0.181221079866	-0.249425464867
0.034435376099	0.985226852882	0.167756529629	-0.011255112577
-0.189473943475	-0.158376001227	0.969028723506	-0.088729547950
0.000000000000	0.000000000000	0.000000000000	1.000000000000
12	56	66
0.962033275903	0.066282159438	-0.264761499082	-0.277542430549
0.052374268612	0.907202445431	0.417421440503	0.059377293785
0.267859873896	-0.415440005710	0.869287460862	-0.061256747321
0.000000000000	0.000000000000	0.000000000000	1.000000000000
13	14	66
0.954020287458	0.010679325937	-0.299551736961	0.310757584013
-0.043819732612	0.993597319130	-0.104135481229	-0.064479978961
0.296521706040	0.112473638754	0.948379965221	0.122917924051
0.000000000000	0.000000000000	0.000000000000	1.000000000000
13	15	66
0.800140723173	0.213833841454	-0.560401562603	0.346935715902
-0.114179104822	0.971510869798	0.207677061532	-0.065599584465
0.588844593370	-0.102184725442	0.801760766529	0.288163244732
0.000000000000	0.000000000000	0.000000000000	1.000000000000
13	54	66
-0.755032251781	-0.128297299319	0.643013298275	-1.647449151602
-0.087215583681	-0.952305135327	-0.292418144433	1.378917267452
0.649861324233	-0.276865910177	0.707831566863	1.526281413259
0.000000000000	0.000000000000	0.000000000000	1.000000000000
13	55	66
0.741371557774	-0.085489564431	0.665627333947	-0.544465390823
0.129532374750	0.991430509316	-0.016938391005	-0.016189810074
-0.658475191041	0.098777930591	0.746092047413	0.028722824082
0.000000000000	0.000000000000	0.000000000000	1.000000000000
13	56	66
0.965775157695	-0.111458094452	0.234212377898	-0.542448344077
0.067476858291	0.979838907974	0.188049429713	0.113003573020
-0.250450031692	-0.165809552203	0.953824917909	0.045270402400
0.000000000000	0.000000000000	0.000000000000	1.000000000000
13	57	66
0.981345623944	0.020087033939	-0.191199574880	-0.408512134217
0.018565478744	0.979977052218	0.198243032982	0.043677145029
0.191353310308	-0.198094644538	0.961323266357	0.233802493909
0.000000000000	0.000000000000	0.000000000000	1.000000000000
14	15	66
0.923823257276	0.120433583057	-0.363381812130	0.247257917617
-0.008050293866	0.955127286826	0.296086235290	-0.011731608352
0.382734610512	-0.270606019947	0.883338326965	0.165145139514
0.000000000000	0.000000000000	0.000000000000	1.000000000000
14	18	66
0.487858322393	0.195254170155	-0.850805539656	0.704693802409
-0.027411024586	0.977608936714	0.208637011551	0.119154861928
0.872492345527	-0.078463850879	0.482286772680	0.353281010425
0.000000000000	0.000000000000	0.000000000000	1.000000000000
14	56	66
0.845086729566	-0.256948367620	0.468834678634	-0.765596018873
0.108769603482	0.941225886453	0.319785872154	0.094115845556
-0.523447793835	-0.219251834767	0.823365678226	0.145802528582
0.000000000000	0.000000000000	0.000000000000	1.000000000000
14	57	66
0.996954515889	-0.075312634549	0.020241055457	-0.498518277525
0.064659411436	0.943376333157	0.325361728775	0.049077136210
-0.043598781652	-0.323062070067	0.945372966148	0.263494558063
0.000000000000	0.000000000000	0.000000000000	1.000000000000
15	18	66
0.785287613770	0.157081170039	-0.598872999624	0.481875349378
-0.186043253148	0.982445532905	0.013736186955	0.011024710615
0.590517799577	0.100629423597	0.800726200077	0.074304529166
0.000000000000	0.000000000000	0.000000000000	1.000000000000
15	56	66
0.569354147338	-0.339092745549	0.748900503956	-0.920632046390
0.317715217691	0.930948475670	0.179977709993	-0.089682340516
-0.758216918406	0.135466031030	0.637774301050	0.416912971995
0.000000000000	0.000000000000	0.000000000000	1.000000000000
15	57	66
0.891224808255	-0.218538093189	0.397441118880	-0.680446093661
0.158667115426	0.971120122467	0.178186571384	-0.285258244133
-0.424903621582	-0.095743457031	0.900161153795	0.452947627962
0.000000000000	0.000000000000	0.000000000000	1.000000000000
15	62	66
0.200958585856	0.449653064966	-0.870303262051	0.846054941072
-0.273016033705	0.878934308278	0.391071255748	-0.961748004309
0.940785784390	0.159017618202	0.299391891993	2.442200475416
0.000000000000	0.000000000000	0.000000000000	1.000000000000
16	17	66
0.994275255166	-0.041304831645	-0.098542517968	0.151504363846
0.037543202804	0.998505017007	-0.039727055462	-0.234538561045
0.100036117917	0.035800026469	0.994339546240	-0.138530517237
0.000000000000	0.000000000000	0.000000000000	1.000000000000
16	61	66
0.728831304980	0.674372571002	-0.118433797372	-0.373156925599
-0.638382814176	0.731826377031	0.238532044902	-0.997695937803
0.247532445236	-0.098243520706	0.963885833071	1.474223145314
0.000000000000	0.000000000000	0.000000000000	1.000000000000
17	18	66
0.938825299930	0.138449826415	-0.315339026726	0.129748368140
-0.019509788414	0.935545322778	0.352667431420	0.072655850809
0.343840696205	-0.324940909389	0.881014745075	0.172507972896
0.000000000000	0.000000000000	0.000000000000	1.000000000000
17	19	66
0.868240738336	0.199152665735	-0.454418569190	-0.179065001360
-0.045357574555	0.943927902587	0.327021108107	0.110501600856
0.494065492344	-0.263321724223	0.828589740962	-0.039542983876
0.000000000000	0.000000000000	0.000000000000	1.000000000000
17	64	66
0.209792075219	0.485594635398	-0.848637222403	0.774716768058
0.086415976727	0.855347116867	0.510797013140	0.084673013504
0.973919690807	-0.180496979864	0.137481911968	2.251476674678
0.000000000000	0.000000000000	0.000000000000	1.000000000000
18	19	66
0.975821913208	0.053620966432	-0.211887672276	-0.199269522317
-0.056565692206	0.998367971218	-0.007855985676	-0.007453161126
0.211120619952	0.019651615825	0.977262450843	-0.060728255292
0.000000000000	0.000000000000	0.000000000000	1.000000000000
18	20	66
0.947281282009	0.085748649251	-0.308715632755	-0.561768180586
-0.069452198309	0.995567518137	0.063416945529	0.035312192628
0.312785173731	-0.038632706114	0.949037907100	-0.203005958688
0.000000000000	0.000000000000	0.000000000000	1.000000000000
18	62	66
0.759659806936	0.230378965576	-0.608146783225	1.928477976607
-0.161453015193	0.972682933496	0.166795787628	-0.489411861887
0.629960238119	-0.028520923996	0.776103508099	1.637308169379
0.000000000000	0.000000000000	0.000000000000	1.000000000000
18	63	66
0.599629159209	0.354066797073	-0.717691838213	1.910567995692
-0.238308908797	0.935118402919	0.262225926465	-0.557812150760
0.763972339430	0.013794047008	0.645101533755	1.613589341958
0.000000000000	0.000000000000	0.000000000000	1.000000000000
18	64	66
0.495996428108	0.356980970083	-0.791550459732	1.351526795354
-0.249322970051	0.931747336800	0.263979084345	-0.495999011152
0.831760542409	0.066419028635	0.551146906665	1.683104627697
0.000000000000	0.000000000000	0.000000000000	1.000000000000
19	20	66
0.990662732720	0.028504729005	-0.133322280297	-0.323487074428
-0.023218734656	0.998887825885	0.041036589282	0.088558719577
0.134343739565	-0.037557845030	0.990222787011	-0.090675933055
0.000000000000	0.000000000000	0.000000000000	1.000000000000
19	21	66
0.993920329498	0.009320846738	-0.109706428378	-0.649575910328
0.005533700994	0.990921913241	0.134324755770	0.084820766478
0.109962524365	-0.134115188087	0.984845855736	-0.277591960077
0.000000000000	0.000000000000	0.000000000000	1.000000000000
19	64	66
0.671116052509	0.280119286498	-0.686393785954	1.946939347827
-0.145864131277	0.957662172965	0.248207207143	-0.387652301362
0.726860990336	-0.066455607760	0.683561813537	1.431881525466
0.000000000000	0.000000000000	0.000000000000	1.000000000000
19	65	66
0.733780125552	0.196847637853	-0.650244365463	1.182224290863
-0.111693730276	0.979034779453	0.170339106602	-0.392199470652
0.670142699701	-0.052363232259	0.740382910355	1.556359863498
0.000000000000	0.000000000000	0.000000000000	1.000000000000
20	21	66
0.998717858286	-0.039682775905	0.031431144375	-0.379188821908
0.036507951353	0.994726958917	0.095840736072	0.019309216164
-0.035068633112	-0.094570367977	0.994900314842	-0.154166139404
0.000000000000	0.000000000000	0.000000000000	1.000000000000
20	22	66
0.993457488011	-0.072807353700	0.087984707551	-1.013509820068
0.074581826622	0.997069174637	-0.017047349561	0.014944934725
-0.086485667330	0.023497877276	0.995975943038	-0.061404908531
0.000000000000	0.000000000000	0.000000000000	1.000000000000
20	23	66
0.995955827705	-0.068375602029	0.058281783676	-1.331933207537
0.082548264560	0.952482693070	-0.293193627866	-0.084165772119
-0.035465099456	0.296818962417	0.954274976236	0.009665985721
0.000000000000	0.000000000000	0.000000000000	1.000000000000
20	34	66
0.413111288868	-0.419389847987	0.808363296059	-2.205255406787
0.324493809235	0.897174802196	0.299635014762	-0.301978092135
-0.850907063537	0.138526278046	0.506722448203	1.008283766459
0.000000000000	0.000000000000	0.000000000000	1.000000000000
20	64	66
0.770255278472	0.223943254695	-0.597123291006	2.482962527878
-0.139635357350	0.972820538643	0.184721862736	-0.412415357137
0.622261016747	-0.058903465700	0.780590551291	1.175417896812
0.000000000000	0.000000000000	0.000000000000	1.000000000000
20	65	66
0.806414179108	0.171107569442	-0.566055095741	1.756248868748
-0.122375576047	0.984789548939	0.123344082502	-0.492871387243
0.578550248571	-0.030195098623	0.815087643078	1.389871753081
0.000000000000	0.000000000000	0.000000000000	1.000000000000
21	22	66
0.998243597158	-0.014833025637	0.057355924580	-0.618842821319
0.020651402969	0.994547318679	-0.102221086199	-0.000132086682
-0.055526933009	0.103226025104	0.993106815731	0.073583800736
0.000000000000	0.000000000000	0.000000000000	1.000000000000
21	23	66
0.997793666139	0.047263244546	0.046626017722	-1.101926003613
-0.028000991858	0.936355945978	-0.349933546387	-0.073239656720
-0.060197543709	0.347855901411	0.935613449874	0.164673587801
0.000000000000	0.000000000000	0.000000000000	1.000000000000
21	24	66
0.994978374103	0.096711606243	-0.025785660459	-0.300067426431
-0.094923643161	0.993468242834	0.063327343614	-0.569953813808
0.031741723907	-0.060561668553	0.997659634979	0.367803719067
0.000000000000	0.000000000000	0.000000000000	1.000000000000
21	34	66
0.461107840535	-0.321231834286	0.827157583559	-1.899193530303
0.308348615253	0.932087447655	0.190089771936	-0.263956733411
-0.832046086986	0.167401011241	0.528844221455	1.125333473542
0.000000000000	0.000000000000	0.000000000000	1.000000000000
21	65	66
0.823147964782	0.101601956957	-0.558663109949	2.051144344898
-0.082700265416	0.994822179884	0.059071960450	-0.618197542360
0.561772279644	-0.002423376549	0.827288361498	1.553250635995
0.000000000000	0.000000000000	0.000000000000	1.000000000000
22	23	66
0.998931890774	-0.007716524283	-0.045558016291	-0.360340277513
-0.004533577844	0.964832262939	-0.262827226641	-0.072450066470
0.045983956630	0.262753039269	0.963766733234	0.037882878838
0.000000000000	0.000000000000	0.000000000000	1.000000000000
22	24	66
0.988255153804	0.137554799161	-0.066561461878	-0.768879435255
-0.134467110107	0.989712916949	0.048856302811	-0.178870515306
0.072597157513	-0.039332165626	0.996585487286	0.457785203620
0.000000000000	0.000000000000	0.000000000000	1.000000000000
22	33	66
0.974478169596	-0.044257024506	0.220076379384	-1.257576849500
-0.005797546899	0.975084276792	0.221758971865	-0.260933200360
-0.224407409483	-0.217375180125	0.949941759075	0.947906511163
0.000000000000	0.000000000000	0.000000000000	1.000000000000
22	34	66
0.542942266629	-0.301282729364	0.783863771388	-1.319432784144
0.225310146877	0.951465273437	0.209640576124	-0.110365336639
-0.808980242541	0.062789731884	0.584472768183	0.961210711611
0.000000000000	0.000000000000	0.000000000000	1.000000000000
22	65	66
0.719587191393	0.219356386241	-0.658845239641	2.659259348377
-0.203660922216	0.973738749655	0.101759894767	-0.502039664440
0.663864822644	0.060955912231	0.745364255931	1.810320254856
0.000000000000	0.000000000000	0.000000000000	1.000000000000
23	24	66
0.997276467992	0.055699226551	-0.048345036464	-0.352526334276
-0.040348078793	0.960724282732	0.274555795981	0.008753072455
0.061738795962	-0.271857405143	0.960355076179	0.373337750642
0.000000000000	0.000000000000	0.000000000000	1.000000000000
23	33	66
0.955768772327	-0.129165569610	0.264239114199	-0.903367502392
-0.003545295404	0.893283757625	0.449479208911	-0.031996322669
-0.294097746890	-0.430534997404	0.853314790265	0.989186196210
0.000000000000	0.000000000000	0.000000000000	1.000000000000
24	25	66
0.998183501352	-0.055503058299	0.023433056718	-0.555051559965
0.054458266456	0.997585872776	0.043089716314	-0.089255336894
-0.025768097375	-0.041735320256	0.998796359725	0.383163876359
0.000000000000	0.000000000000	0.000000000000	1.000000000000
24	32	66
0.996734900070	0.054307027143	-0.059751868473	-0.732699806808
-0.037046095962	0.965114391651	0.259194517306	-0.120620657781
0.071743471878	-0.256134647852	0.963975060057	0.443023795950
0.000000000000	0.000000000000	0.000000000000	1.000000000000
24	33	66
0.879401000385	-0.193354038248	0.435049533288	-0.817785212999
0.081618656398	0.961513758435	0.262354125691	-0.283962101955
-0.469033341511	-0.195206322215	0.861337457863	0.864396841812
0.000000000000	0.000000000000	0.000000000000	1.000000000000
25	26	66
0.994379708387	-0.070650584742	0.078851064828	-0.371789893329
0.086640064139	0.971069010075	-0.222527474614	-0.123613010595
-0.060848129263	0.228108466629	0.971732490255	0.348048724935
0.000000000000	0.000000000000	0.000000000000	1.000000000000
25	27	66
0.995993932272	-0.065410417125	0.060971831274	-0.331938862973
0.064974327789	0.997845352389	0.009109854224	-0.086764105930
-0.061436337828	-0.005111755780	0.998097914208	0.311565889166
0.000000000000	0.000000000000	0.000000000000	1.000000000000
25	32	66
0.995721885834	0.076421922119	-0.051938578063	-0.240921390007
-0.064625965116	0.977729947878	0.199668809922	0.022714473298
0.066040977463	-0.195458023224	0.978485948010	0.060532262274
0.000000000000	0.000000000000	0.000000000000	1.000000000000
25	33	66
0.881512189321	-0.164491770739	0.442581876536	-0.359968985996
0.072224750311	0.973298077075	0.217886297423	-0.244995951039
-0.466604592263	-0.160104061539	0.869854495854	0.445472560558
0.000000000000	0.000000000000	0.000000000000	1.000000000000
26	27	66
0.999709304760	-0.011488967190	0.021196924518	-0.023501221150
0.006076562565	0.970847382745	0.239621440619	0.008031881596
-0.023331981560	-0.239422979369	0.970634975460	-0.041734108634
0.000000000000	0.000000000000	0.000000000000	1.000000000000
26	32	66
0.978419622066	0.180955314640	-0.099750775731	0.202407002507
-0.122360952513	0.896420592551	0.425978777112	0.066615445282
0.166501773130	-0.404580394178	0.899217362038	-0.326489134923
0.000000000000	0.000000000000	0.000000000000	1.000000000000
27	28	66
0.924022183405	0.213267784318	-0.317332407338	0.198796233603
-0.149548786188	0.965454342437	0.213384800816	0.057204280901
0.351878054338	-0.149715613220	0.923995167754	-0.174076293015
0.000000000000	0.000000000000	0.000000000000	1.000000000000
27	31	66
0.620679041975	0.475413705843	-0.623489643178	0.441910078966
-0.294967941578	0.878366412132	0.376120139690	0.142849442779
0.726465030331	-0.049540431327	0.685415425395	-0.303313950815
0.000000000000	0.000000000000	0.000000000000	1.000000000000
27	32	66
0.980489641781	0.164290831673	-0.107928610608	0.150033540007
-0.142842829613	0.972686239469	0.182968318502	0.155870144213
0.135040691600	-0.163981712930	0.977176549778	-0.255449615909
0.000000000000	0.000000000000	0.000000000000	1.000000000000
27	33	66
0.943202433156	-0.016495507476	0.331808782769	0.167835574488
-0.031755471179	0.989716836478	0.139471049475	-0.063085046865
-0.330697384537	-0.142086177457	0.932979505689	0.089574140910
0.000000000000	0.000000000000	0.000000000000	1.000000000000
28	29	66
0.887914903193	0.296881656805	-0.351380714525	0.137359615806
-0.269200310013	0.954751016272	0.126418709126	0.089953588272
0.373012490108	-0.017657258593	0.927658290236	-0.196160656757
0.000000000000	0.000000000000	0.000000000000	1.000000000000
28	30	66
0.741307571952	0.412547004491	-0.529403487760	0.142875079381
-0.331143904577	0.910908139716	0.246150513834	0.267555193692
0.583786603331	-0.007164501712	0.811875527213	-0.391241364606
0.000000000000	0.000000000000	0.000000000000	1.000000000000
28	31	66
0.878212120000	0.249302878715	-0.408156277605	0.184135887853
-0.212591090924	0.967937857008	0.133795863281	0.105097139768
0.428425606546	-0.030730760416	0.903054328388	-0.202777507901
0.000000000000	0.000000000000	0.000000000000	1.000000000000
28	32	66
0.973425811908	-0.076227100916	0.215943552340	-0.111763793220
0.070227161090	0.996905021516	0.035334457983	0.055734448863
-0.217968654986	-0.019230370814	0.975766292860	-0.061169575805
0.000000000000	0.000000000000	0.000000000000	1.000000000000
29	30	66
0.961094830073	0.142194647147	-0.236806693170	-0.121323122565
-0.124881793406	0.988380690881	0.086649567626	0.144498036746
0.246376267695	-0.053705606940	0.967685094698	-0.180719032963
0.000000000000	0.000000000000	0.000000000000	1.000000000000
29	31	66
0.997436692465	-0.039514722588	-0.059654264088	0.025186368115
0.040020511433	0.999172137712	0.007307385690	0.006524541837
0.059316129254	-0.009676048771	0.998192351649	-0.022704482844
0.000000000000	0.000000000000	0.000000000000	1.000000000000
29	32	66
0.784027592468	-0.352630946354	0.510834757943	-0.081786220724
0.365246886461	0.927494964245	0.079673102308	-0.096176463681
-0.501891867019	0.124114894248	0.855978999068	0.154370145559
0.000000000000	0.000000000000	0.000000000000	1.000000000000
30	31	66
0.972327684140	-0.158727934286	0.171418544888	0.240647639421
0.165848701785	0.985754826966	-0.027957632771	-0.174603167194
-0.164539000758	0.055613523458	0.984801529872	0.093955899501
0.000000000000	0.000000000000	0.000000000000	1.000000000000
30	32	66
0.581966129490	-0.343707790015	0.737007719912	0.076337617715
0.426539726396	0.900633505150	0.083205475828	-0.258633131172
-0.692372216321	0.265940302483	0.670743221794	0.355325213106
0.000000000000	0.000000000000	0.000000000000	1.000000000000
31	32	66
0.768069248011	-0.243250137296	0.592367285529	-0.144504461793
0.256947563964	0.964379327766	0.062852697242	-0.183423709965
-0.586555691843	0.103932107083	0.803212635287	0.208270996790
0.000000000000	0.000000000000	0.000000000000	1.000000000000
32	33	66
0.875648420927	-0.171103596859	0.451623075218	0.082706397623
0.202722547169	0.978985558115	-0.022155041665	-0.127452496883
-0.438341661032	0.110954207418	0.891933715059	0.313287768685
0.000000000000	0.000000000000	0.000000000000	1.000000000000
33	65	66
0.959141323398	-0.200050108303	-0.200069677656	0.149287193256
0.164134183647	0.969417052614	-0.182456975367	-0.090479014903
0.230451494913	0.142163751603	0.962643015984	0.461385543890
0.000000000000	0.000000000000	0.000000000000	1.000000000000
34	35	66
0.918287287124	-0.177481293821	0.353905140751	0.169499326275
0.181537491317	0.983137960526	0.021997495740	0.099117631971
-0.351841722302	0.044047030730	0.935022599476	-0.157884944567
0.000000000000	0.000000000000	0.000000000000	1.000000000000
34	36	66
0.722518906982	-0.344930655913	0.599157134369	0.043234666905
0.356939776492	0.928320347166	0.103996773970	0.057402927923
-0.592081434443	0.138723378167	0.793848473790	-0.228423123139
0.000000000000	0.000000000000	0.000000000000	1.000000000000
34	37	66
0.693173501565	-0.319937207136	0.645872030837	0.070908063674
0.305605578091	0.942010098112	0.138644169348	0.121223398641
-0.652775403464	0.101277631018	0.750751033358	-0.306358688273
0.000000000000	0.000000000000	0.000000000000	1.000000000000
34	64	66
-0.871162337829	-0.043127043745	0.489097371948	-2.762374490193
-0.377716278730	-0.577568227567	-0.723702532321	2.060805212104
0.313698252993	-0.815202429218	0.486865900907	2.098477617574
0.000000000000	0.000000000000	0.000000000000	1.000000000000
34	65	66
-0.221078838629	0.195008282382	-0.955560524987	1.435051310372
-0.508475312195	0.813045863640	0.283565302012	-1.419343982930
0.832212114787	0.548569223908	-0.080590338021	3.486126210299
0.000000000000	0.000000000000	0.000000000000	1.000000000000
35	36	66
0.941602125169	-0.173272563491	0.288724880498	-0.080447158867
0.183072333283	0.983074017175	-0.007070893988	0.037520184353
-0.282612736202	0.059515506356	0.957385996263	-0.084387399934
0.000000000000	0.000000000000	0.000000000000	1.000000000000
35	37	66
0.916885962086	-0.157468189368	0.366775001693	-0.075827095782
0.157206030417	0.987085596656	0.030794299393	0.089402910464
-0.366887443953	0.029424381247	0.929799875919	-0.147440723450
0.000000000000	0.000000000000	0.000000000000	1.000000000000
35	38	66
0.804544416255	-0.260186726595	0.533864355035	-0.242581358857
0.278316682610	0.959284585254	0.048092709176	0.099223877069
-0.524640930975	0.109890635627	0.844201363270	-0.079209603898
0.000000000000	0.000000000000	0.000000000000	1.000000000000
35	45	66
0.495187607057	-0.145645065338	0.856490950776	-0.730715339043
0.501499040127	0.852936790050	-0.144905296423	-0.110147781300
-0.709427900896	0.501284696677	0.495404588501	-0.263192627508
0.000000000000	0.000000000000	0.000000000000	1.000000000000
35	46	66
0.436382737050	-0.231652686338	0.869429203396	-0.973495501537
0.424714425242	0.904896425462	0.027930559923	-0.115544815759
-0.793213567582	0.357070710222	0.493267416423	0.135047008404
0.000000000000	0.000000000000	0.000000000000	1.000000000000
35	47	66
0.274076397856	-0.520033289294	0.808979298971	-1.288445801417
0.514002378543	0.790174604730	0.333804806573	-0.104442205376
-0.812824509344	0.324329264891	0.483866556961	0.453764756325
0.000000000000	0.000000000000	0.000000000000	1.000000000000
35	48	66
0.217381943804	-0.625798343367	0.749080452253	-1.695932574551
0.405177924671	0.756042948983	0.514032984011	-0.227666069185
-0.888017983977	0.191769373812	0.417909759877	0.540241181334
0.000000000000	0.000000000000	0.000000000000	1.000000000000
35	49	66
0.268866280989	-0.518973957499	0.811404310061	-1.533245674981
0.492071564204	0.798201339172	0.347476902608	-0.267913066470
-0.827995470186	0.305844165520	0.469981752591	0.743634422436
0.000000000000	0.000000000000	0.000000000000	1.000000000000
36	37	66
0.994692217153	0.017171029656	0.101452199952	-0.001279888728
-0.019079002472	0.999658335673	0.017866269474	0.046901526610
-0.101110755111	-0.019707045969	0.994679972423	-0.041327829449
0.000000000000	0.000000000000	0.000000000000	1.000000000000
36	38	66
0.957639184033	-0.094231418352	0.272116947286	-0.139472121111
0.090854499797	0.995550022047	0.025012266359	0.029096713174
-0.273262974205	0.000770322785	0.961939059157	-0.024817132436
0.000000000000	0.000000000000	0.000000000000	1.000000000000
36	39	66
0.721486471957	-0.314735649315	0.616764737832	-0.095778841891
0.327507440065	0.939905798325	0.096519257031	-0.077750017827
-0.610078804324	0.132357702178	0.781207585209	-0.034777279592
0.000000000000	0.000000000000	0.000000000000	1.000000000000
36	45	66
0.718868188959	-0.102829568699	0.687498804874	-0.741105109497
0.397524360935	0.872138727105	-0.285216449642	0.031573180264
-0.570265648067	0.478330555667	0.667830045858	-0.294085853796
0.000000000000	0.000000000000	0.000000000000	1.000000000000
36	46	66
0.693739337360	-0.184466918991	0.696202332370	-0.972314897465
0.340516023915	0.935789305729	-0.091363081939	0.034271072193
-0.634645231020	0.300450213982	0.712007794664	-0.011816041644
0.000000000000	0.000000000000	0.000000000000	1.000000000000
36	47	66
0.571192811126	-0.434793676944	0.696199131719	-1.351059500264
0.390023615822	0.890078916693	0.235883660221	0.033134887322
-0.722232892922	0.136799051705	0.677986480569	0.195609235472
0.000000000000	0.000000000000	0.000000000000	1.000000000000
36	48	66
0.533724154837	-0.504663937009	0.678566752226	-1.638653291273
0.367322378219	0.861112335900	0.351510761458	0.168017603236
-0.761717005851	0.061642969132	0.644970811241	0.157924230252
0.000000000000	0.000000000000	0.000000000000	1.000000000000
36	49	66
0.550122530850	-0.426715830969	0.717829228057	-1.680403268228
0.381332044016	0.893098735171	0.238664034664	-0.041228518900
-0.742934097520	0.142436824018	0.654034156528	0.457286437557
0.000000000000	0.000000000000	0.000000000000	1.000000000000
36	52	66
0.825349959370	-0.043766379433	-0.562922684389	2.161083350742
-0.047479321722	0.988080168400	-0.146435292272	0.070620552765
0.562621683352	0.147587549763	0.813433928834	-0.400482438060
0.000000000000	0.000000000000	0.000000000000	1.000000000000
37	38	66
0.984604790795	-0.074438216698	0.158152957098	-0.121809928511
0.067134448332	0.996437593170	0.051040070189	-0.117936953520
-0.161388883729	-0.039636786104	0.986094596576	0.003989426289
0.000000000000	0.000000000000	0.000000000000	1.000000000000
37	39	66
0.725796402091	-0.337310056651	0.599534409683	-0.297898274646
0.359551990124	0.929021749261	0.087412560864	-0.088354306105
-0.586465641884	0.152120067977	0.795561145236	0.085696829495
0.000000000000	0.000000000000	0.000000000000	1.000000000000
37	45	66
0.784674137085	-0.171079783104	0.595834042669	-0.685849197376
0.405482278306	0.868678588929	-0.284572716747	-0.049336915902
-0.468903636763	0.464896996065	0.750999442397	-0.337516598116
0.000000000000	0.000000000000	0.000000000000	1.000000000000
37	46	66
0.762442627825	-0.231146073636	0.604361424909	-0.968023888470
0.364504046252	0.925147773053	-0.106011312044	0.014806548334
-0.534619527834	0.301119728112	0.789625778328	-0.094243099467
0.000000000000	0.000000000000	0.000000000000	1.000000000000
37	47	66
0.650499043963	-0.458007574044	0.605871319607	-1.324827459417
0.395547859311	0.885289369841	0.244549836722	-0.079356156449
-0.648377116189	0.080571668500	0.757043804174	0.090639163932
0.000000000000	0.000000000000	0.000000000000	1.000000000000
37	48	66
0.601823790922	-0.549179698974	0.579835996567	-1.676114241423
0.411922407988	0.835466541953	0.363752095628	0.064934770072
-0.684198841330	0.019932774797	0.729023065487	0.001775444307
0.000000000000	0.000000000000	0.000000000000	1.000000000000
37	49	66
0.613596629701	-0.475816878489	0.630156706038	-1.739970647971
0.458899419943	0.864326578413	0.205793314336	-0.051780202020
-0.642581122035	0.162904462783	0.748699965013	0.307536725999
0.000000000000	0.000000000000	0.000000000000	1.000000000000
38	39	66
0.862000490404	-0.222638824550	0.455397747411	-0.131906565437
0.250220620675	0.968188801092	-0.000293987209	-0.028044119054
-0.440845546119	0.114203324129	0.890288046210	0.122828123032
0.000000000000	0.000000000000	0.000000000000	1.000000000000
38	44	66
0.770958564883	-0.254196201229	0.583958202711	-0.354019331399
0.377990830705	0.920574918231	-0.098309469670	0.156642912509
-0.512587380977	0.296523373791	0.805808951091	-0.430438466840
0.000000000000	0.000000000000	0.000000000000	1.000000000000
38	45	66
0.887066364864	-0.144730795993	0.438367723514	-0.500696621575
0.316527769048	0.881911923100	-0.349344430777	0.063666905323
-0.336040824527	0.448647251842	0.828125719723	-0.420740900347
0.000000000000	0.000000000000	0.000000000000	1.000000000000
38	46	66
0.884127213064	-0.168840687425	0.435674067841	-0.721931684090
0.249359736511	0.959043956764	-0.134366702731	0.040583194309
-0.395144015426	0.227436829175	0.890018930028	-0.241581381168
0.000000000000	0.000000000000	0.000000000000	1.000000000000
38	47	66
0.800181155743	-0.365291377920	0.475680909025	-1.144493791908
0.286080117010	0.929547672927	0.232592541601	-0.042837027983
-0.527132132055	-0.050033318642	0.848309131379	-0.128717620322
0.000000000000	0.000000000000	0.000000000000	1.000000000000
38	48	66
0.745200075221	-0.432346202895	0.507694404867	-1.562102232027
0.264055690029	0.890427646975	0.370692862174	0.064888933226
-0.612332785709	-0.142180752375	0.777710224441	-0.253737787510
0.000000000000	0.000000000000	0.000000000000	1.000000000000
38	49	66
0.778284674700	-0.376402024827	0.502587784205	-1.577191368019
0.340258492178	0.925520724607	0.166239426203	0.097210087521
-0.527728266845	0.041628163896	0.848392581499	0.010149589748
0.000000000000	0.000000000000	0.000000000000	1.000000000000
39	40	66
0.773452373210	-0.265489771619	0.575575023382	-0.116556302562
0.267380289050	0.959967172583	0.083491368359	-0.017736658474
-0.574699232123	0.089320819122	0.813475619713	-0.136369501955
0.000000000000	0.000000000000	0.000000000000	1.000000000000
39	43	66
0.684434401467	-0.201411213104	0.700701843386	-0.569399879228
0.352103400743	0.932888501744	-0.075777559338	0.120125039607
-0.638414242693	0.298584270433	0.709418556409	-0.166553565584
0.000000000000	0.000000000000	0.000000000000	1.000000000000
39	44	66
0.984045190317	-0.108622827274	0.140911833463	0.080144653519
0.128825145617	0.981270687846	-0.143219827644	0.215505737542
-0.122715709147	0.159087770016	0.979608052315	-0.685723179887
0.000000000000	0.000000000000	0.000000000000	1.000000000000
39	45	66
0.983499021515	-0.157247854720	-0.089458296797	0.018858834662
0.110543386753	0.913771057537	-0.390899749364	0.285555255622
0.143212549467	0.374560497909	0.916075651396	-0.663561214712
0.000000000000	0.000000000000	0.000000000000	1.000000000000
39	46	66
0.999014844996	-0.010246297290	-0.043178152682	-0.423207390405
0.004568273613	0.991555498442	-0.129602563193	0.164605054553
0.044141481096	0.129277634964	0.990625470470	-0.615667435287
0.000000000000	0.000000000000	0.000000000000	1.000000000000
39	47	66
0.989877097270	-0.112720811126	0.086240077917	-0.802408403037
0.098083623282	0.982497342880	0.158362161128	0.367659908175
-0.102581358657	-0.148300337061	0.983607683420	-0.745445249027
0.000000000000	0.000000000000	0.000000000000	1.000000000000
39	48	66
0.971776269487	-0.192189731635	0.136799083024	-1.039242060586
0.152928912645	0.954769999129	0.255003914558	0.643964873327
-0.179620794284	-0.226886217776	0.957214194652	-0.989925497890
0.000000000000	0.000000000000	0.000000000000	1.000000000000
39	49	66
0.991762733446	-0.070937012570	0.106651867286	-1.136497852692
0.056045392559	0.989031143486	0.136661300990	0.499786961969
-0.115176362683	-0.129558239657	0.984859923043	-0.807322479820
0.000000000000	0.000000000000	0.000000000000	1.000000000000
40	41	66
0.895210673961	-0.141432450296	0.422604674879	0.080694302013
0.162557882788	0.986597311596	-0.014166139018	0.131530423768
-0.414937084351	0.081379400062	0.906203403920	-0.167569043032
0.000000000000	0.000000000000	0.000000000000	1.000000000000
40	42	66
0.915987964524	-0.030925263228	0.400012095995	-0.020726634652
0.189193739776	0.912503590652	-0.362688469457	0.069125479905
-0.353796237512	0.407898057291	0.841693172825	-0.274956854955
0.000000000000	0.000000000000	0.000000000000	1.000000000000
40	43	66
0.978639710272	-0.062333880657	0.195905091312	0.072406935688
0.091713553469	0.985220133081	-0.144671743898	0.125203595483
-0.183991688915	0.159548665600	0.969892407288	-0.311183374810
0.000000000000	0.000000000000	0.000000000000	1.000000000000
40	44	66
0.927373809068	-0.053829265792	-0.370243471784	0.391670720777
0.015223837077	0.994205339426	-0.106414180645	0.043404143652
0.373826233749	0.093049197750	0.922819480591	-0.360408069220
0.000000000000	0.000000000000	0.000000000000	1.000000000000
40	45	66
-0.627491608896	0.018390389892	0.778406111438	-1.950799764540
-0.445892399674	-0.828046316113	-0.339881253213	1.892176288605
0.638305764253	-0.560358003362	0.527792250218	0.715648064955
0.000000000000	0.000000000000	0.000000000000	1.000000000000
40	46	66
0.731352519256	0.196571629168	-0.653056725855	0.729713453921
-0.287033127562	0.957342251261	-0.033283594044	0.227168038779
0.618656185825	0.211790954851	0.756577236760	-0.512362970878
0.000000000000	0.000000000000	0.000000000000	1.000000000000
40	47	66
0.623497025378	-0.542126630011	0.563338420825	0.078891733206
0.083957044147	0.762802784512	0.641157645730	-1.006010390692
-0.777304749814	-0.352463656244	0.521120616503	0.064608758885
0.000000000000	0.000000000000	0.000000000000	1.000000000000
41	42	66
0.995839959148	-0.054070346198	-0.073342848502	0.019551891137
0.026364963535	0.941460671688	-0.336090303880	-0.056200235663
0.087221926499	0.332758472960	0.938969719539	-0.124008217058
0.000000000000	0.000000000000	0.000000000000	1.000000000000
41	43	66
0.963430400507	0.051504563771	-0.262962246891	0.096108384310
-0.077170559498	0.993107082326	-0.088221470062	-0.026415260199
0.256605861441	0.105288189955	0.960764190075	-0.099880047615
0.000000000000	0.000000000000	0.000000000000	1.000000000000
42	43	66
0.986587635986	0.065850580960	-0.149360428184	0.017674157730
-0.019506786662	0.956022389701	0.292644281790	-0.037934566832
0.162062709449	-0.285805688147	0.944484402639	0.010483687482
0.000000000000	0.000000000000	0.000000000000	1.000000000000
44	45	66
0.962111919947	-0.038293924864	-0.269952271365	-0.043912894878
-0.010162708215	0.984363393435	-0.175856273776	-0.094292827790
0.272465360841	0.171936863363	0.946678584398	-0.004870649106
0.000000000000	0.000000000000	0.000000000000	1.000000000000
44	46	66
0.966873296562	0.099010168624	-0.235272214476	-0.270495487747
-0.103082002109	0.994660092319	-0.005039999023	0.103337199055
0.233516871418	0.029125371379	0.971916448829	-0.018997002075
0.000000000000	0.000000000000	0.000000000000	1.000000000000
44	47	66
0.982807581615	0.184431288068	0.008623079541	-0.767041410450
-0.175650555567	0.919584714045	0.351441084712	0.046966127000
0.056887079800	-0.346913611259	0.936170287114	-0.207174657205
0.000000000000	0.000000000000	0.000000000000	1.000000000000
44	48	66
0.996871008959	0.070962291425	-0.034821612432	-0.661575884680
-0.054196524488	0.934275864930	0.352407924062	0.576126548822
0.057540665881	-0.349418032454	0.935198433684	-0.551837011362
0.000000000000	0.000000000000	0.000000000000	1.000000000000
44	49	66
0.999827465681	0.017961212398	-0.004736424636	-1.142636574464
-0.015977261347	0.961621187730	0.273914983942	0.376581765265
0.009474491490	-0.273792049113	0.961742246058	-0.344151915280
0.000000000000	0.000000000000	0.000000000000	1.000000000000
44	50	66
0.986847378231	0.160830441524	-0.016304022722	-1.505567789591
-0.161058776375	0.986848150190	-0.013813001807	0.135176576259
0.013868043485	0.016257230569	0.999771663843	-0.004199797026
0.000000000000	0.000000000000	0.000000000000	1.000000000000
45	46	66
0.994729340629	0.077032698196	0.067672020065	-0.335792251539
-0.087831056344	0.980696066760	0.174702404630	0.179883641521
-0.052907886297	-0.179725312772	0.982293015101	0.022237563138
0.000000000000	0.000000000000	0.000000000000	1.000000000000
45	47	66
0.971644406430	-0.053249882707	0.230372735898	-0.778005244516
-0.062900767974	0.880990133321	0.468934833831	0.286980299902
-0.227926832210	-0.470128530280	0.852659676644	-0.058839227649
0.000000000000	0.000000000000	0.000000000000	1.000000000000
45	48	66
0.966146504529	-0.044972802808	0.254044048923	-0.818312871867
-0.120950518008	0.790819370784	0.599979745480	0.256977559689
-0.227885725702	-0.610395093198	0.758607887001	-0.308149351740
0.000000000000	0.000000000000	0.000000000000	1.000000000000
45	49	66
0.958834824914	-0.023098638426	0.283023376126	-1.196444914151
-0.118003366412	0.874141670086	0.471117337968	0.318122482723
-0.258284695727	-0.485121421421	0.835431758094	-0.098820031989
0.000000000000	0.000000000000	0.000000000000	1.000000000000
46	47	66
0.985603931043	-0.103775096829	0.133475167694	-0.438528602459
0.057069417792	0.947332060820	0.315127034854	0.105549177515
-0.159147644235	-0.302973094219	0.939616587504	-0.094987409412
0.000000000000	0.000000000000	0.000000000000	1.000000000000
46	48	66
0.969114352258	-0.139906643355	0.203084965947	-0.666511036487
0.040176540507	0.902068003143	0.429719866074	0.243073457656
-0.243317113745	-0.408288438302	0.879828013482	-0.393981910908
0.000000000000	0.000000000000	0.000000000000	1.000000000000
46	49	66
0.980401732838	-0.112388320075	0.161806389733	-0.838749514485
0.059462956371	0.951822351973	0.300829465154	0.160508260529
-0.187820656658	-0.285312242632	0.939851225001	-0.160638587270
0.000000000000	0.000000000000	0.000000000000	1.000000000000
47	48	66
0.996858008229	0.000082842446	0.079209245462	-0.173612859770
-0.010593393721	0.991155442644	0.132282532964	0.202116001274
-0.078497716139	-0.132705997058	0.988042117982	-0.247539091195
0.000000000000	0.000000000000	0.000000000000	1.000000000000
47	49	66
0.999659299845	0.007922970250	0.024869876879	-0.398453862757
-0.007578873379	0.999874670435	-0.013899787820	0.115945918415
-0.024976887554	0.013706566512	0.999594060168	-0.088942869092
0.000000000000	0.000000000000	0.000000000000	1.000000000000
48	49	66
0.998789365699	-0.003780958374	-0.049045971506	-0.274952432673
-0.002308990115	0.992339320434	-0.123520612392	-0.131444448207
0.049137272328	0.123484320765	0.991129230218	0.107196556251
0.000000000000	0.000000000000	0.000000000000	1.000000000000
49	50	66
0.998165455866	0.060503776708	-0.002239580295	-0.326780095790
-0.057397083118	0.933844431732	-0.353044122134	-0.203528332099
-0.019269083145	0.352524992487	0.935603993208	0.272569201771
0.000000000000	0.000000000000	0.000000000000	1.000000000000
50	51	66
0.991806264632	0.071152410451	-0.106102157959	-0.315716195176
-0.067624934715	0.997043460343	0.036485701198	-0.065824387611
0.108384508308	-0.029011595512	0.993685627190	0.191183445939
0.000000000000	0.000000000000	0.000000000000	1.000000000000
51	52	66
0.981405204979	-0.127890668922	0.143135601588	-0.548054661508
0.131466162634	0.991195248319	-0.015767935595	-0.011166909142
-0.139858756328	0.034292222342	0.989577471331	0.336551546749
0.000000000000	0.000000000000	0.000000000000	1.000000000000
51	53	66
0.967001929459	-0.113783208874	0.227948787670	-0.840936565112
0.120955358999	0.992500169265	-0.017697885145	-0.147224426729
-0.224225488184	0.044685516528	0.973512267545	0.688246186489
0.000000000000	0.000000000000	0.000000000000	1.000000000000
52	53	66
0.995673542782	0.041795246419	0.082990081215	-0.367393022295
-0.043479980937	0.998881192300	0.018597175246	-0.179026973512
-0.082119957751	-0.022125122512	0.996376832073	0.300282325091
0.000000000000	0.000000000000	0.000000000000	1.000000000000
53	54	66
0.976541667727	0.020327495886	-0.214366891341	-0.016468875132
-0.055269217619	0.985843993730	-0.158293820507	-0.089905393245
0.208114595298	0.166428401837	0.963841222550	0.311122447668
0.000000000000	0.000000000000	0.000000000000	1.000000000000
54	55	66
0.969799527067	0.005766040830	-0.243835251908	0.095923766386
0.009095595095	0.998170155751	0.059779681489	-0.032060428598
0.243733763459	-0.060192133557	0.967972499407	0.031032744716
0.000000000000	0.000000000000	0.000000000000	1.000000000000
55	56	66
0.858436217090	0.210181604837	-0.467879208960	0.125309677198
-0.071212688526	0.952190788250	0.297088296244	0.046514978027
0.507952767668	-0.221712416793	0.832362655372	0.085497677540
0.000000000000	0.000000000000	0.000000000000	1.000000000000
56	57	66
0.873192963398	0.201373873604	-0.443827231816	0.123495453157
-0.184257333295	0.979460595494	0.081891251064	-0.108051658850
0.451202043212	0.010271557985	0.892362712857	0.200800313196
0.000000000000	0.000000000000	0.000000000000	1.000000000000
58	59	66
0.918041425168	0.177408336984	-0.354578938524	0.271889060335
-0.171287420610	0.984009116332	0.048853643840	-0.338061693319
0.357575951676	0.015885242967	0.933748947972	0.650175024472
0.000000000000	0.000000000000	0.000000000000	1.000000000000
58	60	66
0.740589113199	0.338217846882	-0.580634526584	0.614754682329
-0.280700635954	0.940804009696	0.189986758264	-0.665057438888
0.610520203094	0.022282356046	0.791687171946	1.189950562765
0.000000000000	0.000000000000	0.000000000000	1.000000000000
58	61	66
0.420043965827	0.425664858618	-0.801481437658	1.041166491376
-0.359558608676	0.888955335015	0.283682955560	-0.803859847899
0.833235065092	0.169020236913	0.526451788690	1.508916901174
0.000000000000	0.000000000000	0.000000000000	1.000000000000
58	62	66
0.052706805808	-0.504774101092	0.861640934200	-3.285047446686
0.494500053407	0.762816067594	0.416630944843	-1.453982759440
-0.867578059775	0.404122201676	0.289816418290	2.438349218398
0.000000000000	0.000000000000	0.000000000000	1.000000000000
59	60	66
0.943553957696	0.160589512867	-0.289684202666	0.523925132438
-0.140072953567	0.986009293795	0.090361718821	-0.233418224883
0.300142460502	-0.044684235549	0.952847218864	0.379801584289
0.000000000000	0.000000000000	0.000000000000	1.000000000000
59	61	66
0.725700650962	0.303615693714	-0.617394586730	1.116195485317
-0.264352035872	0.951527324283	0.157206082173	-0.336731262623
0.635198052834	0.049124959770	0.770785425396	0.572645845666
0.000000000000	0.000000000000	0.000000000000	1.000000000000
59	62	66
0.413549215416	0.346324699360	-0.842042902139	1.467238159570
-0.339310349426	0.916833152206	0.210441102898	-0.324412717760
0.844893799954	0.198686118361	0.496667185517	0.654580782912
0.000000000000	0.000000000000	0.000000000000	1.000000000000
60	61	66
0.909957837499	0.196383179777	-0.365253857850	0.620049659658
-0.193761381678	0.980051658000	0.044218487319	-0.056438023627
0.366651416121	0.030535133062	0.929857163604	0.007198878203
0.000000000000	0.000000000000	0.000000000000	1.000000000000
60	62	66
0.682036074014	0.297211067101	-0.668200849548	0.958790626330
-0.363762127107	0.930517534864	0.042593804641	0.069701836535
0.634431957445	0.214015651072	0.742760656248	-0.039682631745
0.000000000000	0.000000000000	0.000000000000	1.000000000000
60	63	66
0.465598666679	0.390450843138	-0.794207794397	0.919561990662
-0.457805221037	0.874274154544	0.161428257398	-0.005737900332
0.757385147186	0.288431693454	0.585811315214	0.045988670560
0.000000000000	0.000000000000	0.000000000000	1.000000000000
61	62	66
0.925143704487	0.140167866150	-0.352791858390	0.277160328598
-0.151061925662	0.988518493593	-0.003388574848	0.057058209623
0.348266307102	0.056428336174	0.935695688894	-0.163902866107
0.000000000000	0.000000000000	0.000000000000	1.000000000000
61	63	66
0.762818405781	0.310712241764	-0.567067881845	0.352153382814
-0.316579512507	0.944146243735	0.091461919413	-0.047521950193
0.563813348603	0.109753238037	0.818577262497	-0.064721335773
0.000000000000	0.000000000000	0.000000000000	1.000000000000
62	63	66
0.943931712961	0.162473158146	-0.287394144247	0.205058163771
-0.164256392350	0.986252188005	0.018068182745	0.015695356466
0.286378698296	0.030151194628	0.957641972046	0.112201174446
0.000000000000	0.000000000000	0.000000000000	1.000000000000
62	64	66
0.941596202652	0.143681623167	-0.304552429501	-0.400325418686
-0.139232837539	0.989590550902	0.036397232264	-0.106294462905
0.306611819899	0.008132203252	0.951799905006	0.374406424881
0.000000000000	0.000000000000	0.000000000000	1.000000000000
63	64	66
0.996995433982	-0.047270179622	-0.061364767889	-0.383252001382
0.047768078331	0.998836174126	0.006671427853	-0.188762831287
0.060977990391	-0.009582660147	0.998093110542	0.446339674211
0.000000000000	0.000000000000	0.000000000000	1.000000000000
63	65	66
0.995001016513	-0.089669274369	-0.043959053359	-0.758816544204
0.090386938236	0.995799473505	0.014615401598	-0.523592122255
0.042463849734	-0.018515663687	0.998926419544	1.012063062590
0.000000000000	0.000000000000	0.000000000000	1.000000000000
64	65	66
0.994530929442	-0.082586540211	0.063935074562	-0.422863235868
0.087383924430	0.993249959498	-0.076279536631	-0.206985416431
-0.057203847200	0.081449256187	0.995034541376	0.599473660617
0.000000000000	0.000000000000	0.000000000000	1.000000000000
